0 info it worked if it ends with ok
1 verbose cli [ '/usr/local/bin/node', '/usr/local/bin/npm', 'start' ]
2 info using npm@6.9.0
3 info using node@v10.15.3
4 verbose run-script [ 'prestart', 'start', 'poststart' ]
5 info lifecycle myweb@1.0.0~prestart: myweb@1.0.0
6 info lifecycle myweb@1.0.0~start: myweb@1.0.0
7 verbose lifecycle myweb@1.0.0~start: unsafe-perm in lifecycle true
8 verbose lifecycle myweb@1.0.0~start: PATH: /usr/local/lib/node_modules/npm/node_modules/npm-lifecycle/node-gyp-bin:/Users/inder.patliya/Desktop/speakapp/porfolio/myweb/node_modules/.bin:/Users/inder.patliya/.rvm/gems/ruby-2.4.2/bin:/Users/inder.patliya/.rvm/gems/ruby-2.4.2@global/bin:/Users/inder.patliya/.rvm/rubies/ruby-2.4.2/bin:/usr/local/bin:/usr/local/bin:/usr/bin:/bin:/usr/sbin:/sbin:/usr/local/mysql/bin:/opt/local/bin:/usr/local/share/npm/bin:/opt/X11/bin:/Users/inder.patliya/.rvm/bin
9 verbose lifecycle myweb@1.0.0~start: CWD: /Users/inder.patliya/Desktop/speakapp/porfolio/myweb
10 silly lifecycle myweb@1.0.0~start: Args: [ '-c', 'react-scripts start' ]
11 info lifecycle myweb@1.0.0~start: Failed to exec start script
12 verbose stack Error: myweb@1.0.0 start: `react-scripts start`
12 verbose stack spawn ENOENT
12 verbose stack     at ChildProcess.<anonymous> (/usr/local/lib/node_modules/npm/node_modules/npm-lifecycle/lib/spawn.js:48:18)
12 verbose stack     at ChildProcess.emit (events.js:189:13)
12 verbose stack     at maybeClose (internal/child_process.js:970:16)
12 verbose stack     at Process.ChildProcess._handle.onexit (internal/child_process.js:259:5)
13 verbose pkgid myweb@1.0.0
14 verbose cwd /Users/inder.patliya/Desktop/speakapp/porfolio/myweb
15 verbose Darwin 18.5.0
16 verbose argv "/usr/local/bin/node" "/usr/local/bin/npm" "start"
17 verbose node v10.15.3
18 verbose npm  v6.9.0
19 error file sh
20 error code ELIFECYCLE
21 error errno ENOENT
22 error syscall spawn
23 error myweb@1.0.0 start: `react-scripts start`
23 error spawn ENOENT
24 error Failed at the myweb@1.0.0 start script.
24 error This is probably not a problem with npm. There is likely additional logging output above.
25 verbose exit [ 1, true ]
